INFO:root:Logging started
DEBUG:root:BluetoothService trying to get a command
INFO:root:State: start,   NewState: connect
INFO:root:keyboardInput
DEBUG:root:connectAsServer
DEBUG:root:none
INFO:root:BluetoothService command: serverConnect
DEBUG:root:IS THIS BLOCKING???
DEBUG:root:BluetoothService trying to get a command
INFO:root:note
INFO:root:note
INFO:root:connectionMade
INFO:root:State: connect,   NewState: listen
INFO:root:RecievedBluetoothMessage: b'\xff+14166704782\x10Myself and Me, I\x00\x00\x00\x03Sup'
DEBUG:root:byteArray: b'+14166704782\x10Myself and Me, I\x00\x00\x00\x03Sup'
DEBUG:root:phoneNumber: +14166704782
DEBUG:root:contactLength: 16
DEBUG:root:contactName: Myself and Me, I
DEBUG:root:messageLength: 3
DEBUG:root:message: Sup
INFO:root:receivedText
INFO:root:keyboardInput
INFO:root:State: listen,   NewState: compse
INFO:root:gather
INFO:root:args['message': Hey, reply man!
INFO:root:blueMessage: b'+14166704782\x04none\x00\x00\x00\x0fHey, reply man!'
INFO:root:State: compse,   NewState: listen
INFO:root:BluetoothService command: write
DEBUG:root:Sending: b'+14166704782\x04none\x00\x00\x00\x0fHey, reply man!'
DEBUG:root:BluetoothService trying to get a command
INFO:root:BluetoothService command: done
DEBUG:root:BluetoothService trying to get a command
INFO:root:writeSuccess
INFO:root:RecievedBluetoothMessage: b'\xff+14166704782\x10Myself and Me, I\x00\x00\x00\x0fHey, reply man!'
DEBUG:root:byteArray: b'+14166704782\x10Myself and Me, I\x00\x00\x00\x0fHey, reply man!'
DEBUG:root:phoneNumber: +14166704782
DEBUG:root:contactLength: 16
DEBUG:root:contactName: Myself and Me, I
DEBUG:root:messageLength: 15
DEBUG:root:message: Hey, reply man!
INFO:root:receivedText
INFO:root:keyboardInput
INFO:root:State: listen,   NewState: disconnect
DEBUG:root:Sending disconnect input command
INFO:root:BluetoothService command: disconnect
DEBUG:root:disconnecting, hi
DEBUG:root:Remote Sock closed
DEBUG:root:My Sock closed
DEBUG:root:IOError in listen
INFO:root:disconnected
INFO:root:State: disconnect,   NewState: connect
DEBUG:root:Should be disconnected now
DEBUG:root:BluetoothService trying to get a command
INFO:root:BluetoothService command: done
DEBUG:root:BluetoothService trying to get a command
INFO:root:keyboardInput
INFO:root:State: connect,   NewState: stop
INFO:root:BluetoothService command: stop
DEBUG:root:disconnecting, hi
DEBUG:root:Should be disconnected now
